This is pdfTeX, Version 3.14159265-2.6-1.40.19 (TeX Live 2019/dev/Debian) (preloaded format=pdflatex 2019.11.25)  6 JAN 2020 01:38
entering extended mode
 restricted \write18 enabled.
 %&-line parsing enabled.
**raport_l05.tex
(./raport_l05.tex
LaTeX2e <2018-12-01>
(/usr/share/texlive/texmf-dist/tex/latex/base/article.cls
Document Class: article 2018/09/03 v1.4i Standard LaTeX document class
(/usr/share/texlive/texmf-dist/tex/latex/base/size11.clo
File: size11.clo 2018/09/03 v1.4i Standard LaTeX file (size option)
)
\c@part=\count80
\c@section=\count81
\c@subsection=\count82
\c@subsubsection=\count83
\c@paragraph=\count84
\c@subparagraph=\count85
\c@figure=\count86
\c@table=\count87
\abovecaptionskip=\skip41
\belowcaptionskip=\skip42
\bibindent=\dimen102
)
(/usr/share/texlive/texmf-dist/tex/latex/float/float.sty
Package: float 2001/11/08 v1.3d Float enhancements (AL)
\c@float@type=\count88
\float@exts=\toks14
\float@box=\box27
\@float@everytoks=\toks15
\@floatcapt=\box28
)
(/usr/share/texlive/texmf-dist/tex/latex/base/fontenc.sty
Package: fontenc 2018/08/11 v2.0j Standard LaTeX package

(/usr/share/texlive/texmf-dist/tex/latex/base/t1enc.def
File: t1enc.def 2018/08/11 v2.0j Standard LaTeX file
LaTeX Font Info:    Redeclaring font encoding T1 on input line 48.
))
(/usr/share/texlive/texmf-dist/tex/latex/geometry/geometry.sty
Package: geometry 2018/04/16 v5.8 Page Geometry

(/usr/share/texlive/texmf-dist/tex/latex/graphics/keyval.sty
Package: keyval 2014/10/28 v1.15 key=value parser (DPC)
\KV@toks@=\toks16
)
(/usr/share/texlive/texmf-dist/tex/generic/oberdiek/ifpdf.sty
Package: ifpdf 2018/09/07 v3.3 Provides the ifpdf switch
)
(/usr/share/texlive/texmf-dist/tex/generic/oberdiek/ifvtex.sty
Package: ifvtex 2016/05/16 v1.6 Detect VTeX and its facilities (HO)
Package ifvtex Info: VTeX not detected.
)
(/usr/share/texlive/texmf-dist/tex/generic/ifxetex/ifxetex.sty
Package: ifxetex 2010/09/12 v0.6 Provides ifxetex conditional
)
\Gm@cnth=\count89
\Gm@cntv=\count90
\c@Gm@tempcnt=\count91
\Gm@bindingoffset=\dimen103
\Gm@wd@mp=\dimen104
\Gm@odd@mp=\dimen105
\Gm@even@mp=\dimen106
\Gm@layoutwidth=\dimen107
\Gm@layoutheight=\dimen108
\Gm@layouthoffset=\dimen109
\Gm@layoutvoffset=\dimen110
\Gm@dimlist=\toks17
)
(/usr/share/texlive/texmf-dist/tex/latex/amsmath/amsmath.sty
Package: amsmath 2018/12/01 v2.17b AMS math features
\@mathmargin=\skip43

For additional information on amsmath, use the `?' option.
(/usr/share/texlive/texmf-dist/tex/latex/amsmath/amstext.sty
Package: amstext 2000/06/29 v2.01 AMS text

(/usr/share/texlive/texmf-dist/tex/latex/amsmath/amsgen.sty
File: amsgen.sty 1999/11/30 v2.0 generic functions
\@emptytoks=\toks18
\ex@=\dimen111
))
(/usr/share/texlive/texmf-dist/tex/latex/amsmath/amsbsy.sty
Package: amsbsy 1999/11/29 v1.2d Bold Symbols
\pmbraise@=\dimen112
)
(/usr/share/texlive/texmf-dist/tex/latex/amsmath/amsopn.sty
Package: amsopn 2016/03/08 v2.02 operator names
)
\inf@bad=\count92
LaTeX Info: Redefining \frac on input line 223.
\uproot@=\count93
\leftroot@=\count94
LaTeX Info: Redefining \overline on input line 385.
\classnum@=\count95
\DOTSCASE@=\count96
LaTeX Info: Redefining \ldots on input line 482.
LaTeX Info: Redefining \dots on input line 485.
LaTeX Info: Redefining \cdots on input line 606.
\Mathstrutbox@=\box29
\strutbox@=\box30
\big@size=\dimen113
LaTeX Font Info:    Redeclaring font encoding OML on input line 729.
LaTeX Font Info:    Redeclaring font encoding OMS on input line 730.
\macc@depth=\count97
\c@MaxMatrixCols=\count98
\dotsspace@=\muskip10
\c@parentequation=\count99
\dspbrk@lvl=\count100
\tag@help=\toks19
\row@=\count101
\column@=\count102
\maxfields@=\count103
\andhelp@=\toks20
\eqnshift@=\dimen114
\alignsep@=\dimen115
\tagshift@=\dimen116
\tagwidth@=\dimen117
\totwidth@=\dimen118
\lineht@=\dimen119
\@envbody=\toks21
\multlinegap=\skip44
\multlinetaggap=\skip45
\mathdisplay@stack=\toks22
LaTeX Info: Redefining \[ on input line 2844.
LaTeX Info: Redefining \] on input line 2845.
)
(/usr/share/texlive/texmf-dist/tex/latex/mathtools/mathtools.sty
Package: mathtools 2018/01/08 v1.21 mathematical typesetting tools

(/usr/share/texlive/texmf-dist/tex/latex/tools/calc.sty
Package: calc 2017/05/25 v4.3 Infix arithmetic (KKT,FJ)
\calc@Acount=\count104
\calc@Bcount=\count105
\calc@Adimen=\dimen120
\calc@Bdimen=\dimen121
\calc@Askip=\skip46
\calc@Bskip=\skip47
LaTeX Info: Redefining \setlength on input line 80.
LaTeX Info: Redefining \addtolength on input line 81.
\calc@Ccount=\count106
\calc@Cskip=\skip48
)
(/usr/share/texlive/texmf-dist/tex/latex/mathtools/mhsetup.sty
Package: mhsetup 2017/03/31 v1.3 programming setup (MH)
)
LaTeX Info: Thecontrolsequence`\('isalreadyrobust on input line 129.
LaTeX Info: Thecontrolsequence`\)'isalreadyrobust on input line 129.
LaTeX Info: Thecontrolsequence`\['isalreadyrobust on input line 129.
LaTeX Info: Thecontrolsequence`\]'isalreadyrobust on input line 129.
\g_MT_multlinerow_int=\count107
\l_MT_multwidth_dim=\dimen122
\origjot=\skip49
\l_MT_shortvdotswithinadjustabove_dim=\dimen123
\l_MT_shortvdotswithinadjustbelow_dim=\dimen124
\l_MT_above_intertext_sep=\dimen125
\l_MT_below_intertext_sep=\dimen126
\l_MT_above_shortintertext_sep=\dimen127
\l_MT_below_shortintertext_sep=\dimen128
)
(/usr/share/texlive/texmf-dist/tex/latex/cancel/cancel.sty
Package: cancel 2013/04/12 v2.2 Cancel math terms
)
(/usr/share/texlive/texmf-dist/tex/latex/graphics/graphicx.sty
Package: graphicx 2017/06/01 v1.1a Enhanced LaTeX Graphics (DPC,SPQR)

(/usr/share/texlive/texmf-dist/tex/latex/graphics/graphics.sty
Package: graphics 2017/06/25 v1.2c Standard LaTeX Graphics (DPC,SPQR)

(/usr/share/texlive/texmf-dist/tex/latex/graphics/trig.sty
Package: trig 2016/01/03 v1.10 sin cos tan (DPC)
)
(/usr/share/texlive/texmf-dist/tex/latex/graphics-cfg/graphics.cfg
File: graphics.cfg 2016/06/04 v1.11 sample graphics configuration
)
Package graphics Info: Driver file: pdftex.def on input line 99.

(/usr/share/texlive/texmf-dist/tex/latex/graphics-def/pdftex.def
File: pdftex.def 2018/01/08 v1.0l Graphics/color driver for pdftex
))
\Gin@req@height=\dimen129
\Gin@req@width=\dimen130
)
(/usr/share/texlive/texmf-dist/tex/latex/oberdiek/grffile.sty
Package: grffile 2017/06/30 v1.18 Extended file name support for graphics (HO)

(/usr/share/texlive/texmf-dist/tex/latex/oberdiek/kvoptions.sty
Package: kvoptions 2016/05/16 v3.12 Key value format for package options (HO)

(/usr/share/texlive/texmf-dist/tex/generic/oberdiek/ltxcmds.sty
Package: ltxcmds 2016/05/16 v1.23 LaTeX kernel commands for general use (HO)
)
(/usr/share/texlive/texmf-dist/tex/generic/oberdiek/kvsetkeys.sty
Package: kvsetkeys 2016/05/16 v1.17 Key value parser (HO)

(/usr/share/texlive/texmf-dist/tex/generic/oberdiek/infwarerr.sty
Package: infwarerr 2016/05/16 v1.4 Providing info/warning/error messages (HO)
)
(/usr/share/texlive/texmf-dist/tex/generic/oberdiek/etexcmds.sty
Package: etexcmds 2016/05/16 v1.6 Avoid name clashes with e-TeX commands (HO)

(/usr/share/texlive/texmf-dist/tex/generic/oberdiek/ifluatex.sty
Package: ifluatex 2016/05/16 v1.4 Provides the ifluatex switch (HO)
Package ifluatex Info: LuaTeX not detected.
))))
(/usr/share/texlive/texmf-dist/tex/generic/oberdiek/pdftexcmds.sty
Package: pdftexcmds 2018/09/10 v0.29 Utility functions of pdfTeX for LuaTeX (HO
)
Package pdftexcmds Info: LuaTeX not detected.
Package pdftexcmds Info: \pdf@primitive is available.
Package pdftexcmds Info: \pdf@ifprimitive is available.
Package pdftexcmds Info: \pdfdraftmode found.
)
Package grffile Info: Option `multidot' is set to `true'.
Package grffile Info: Option `extendedchars' is set to `false'.
Package grffile Info: Option `space' is set to `true'.
Package grffile Info: \Gin@ii of package `graphicx' fixed on input line 494.
)
(/usr/share/texlive/texmf-dist/tex/latex/caption/caption.sty
Package: caption 2018/10/06 v3.3-154 Customizing captions (AR)

(/usr/share/texlive/texmf-dist/tex/latex/caption/caption3.sty
Package: caption3 2018/09/12 v1.8c caption3 kernel (AR)
Package caption3 Info: TeX engine: e-TeX on input line 64.
\captionmargin=\dimen131
\captionmargin@=\dimen132
\captionwidth=\dimen133
\caption@tempdima=\dimen134
\caption@indent=\dimen135
\caption@parindent=\dimen136
\caption@hangindent=\dimen137
)
\c@caption@flags=\count108
\c@ContinuedFloat=\count109
Package caption Info: float package is loaded.
)
   defining Unicode char U+2212 (decimal 8722)

(./raport_l05.aux)
\openout1 = `raport_l05.aux'.

LaTeX Font Info:    Checking defaults for OML/cmm/m/it on input line 18.
LaTeX Font Info:    ... okay on input line 18.
LaTeX Font Info:    Checking defaults for T1/cmr/m/n on input line 18.
LaTeX Font Info:    ... okay on input line 18.
LaTeX Font Info:    Checking defaults for OT1/cmr/m/n on input line 18.
LaTeX Font Info:    ... okay on input line 18.
LaTeX Font Info:    Checking defaults for OMS/cmsy/m/n on input line 18.
LaTeX Font Info:    ... okay on input line 18.
LaTeX Font Info:    Checking defaults for OMX/cmex/m/n on input line 18.
LaTeX Font Info:    ... okay on input line 18.
LaTeX Font Info:    Checking defaults for U/cmr/m/n on input line 18.
LaTeX Font Info:    ... okay on input line 18.

*geometry* driver: auto-detecting
*geometry* detected driver: pdftex
*geometry* verbose mode - [ preamble ] result:
* driver: pdftex
* paper: <default>
* layout: <same size as paper>
* layoutoffset:(h,v)=(0.0pt,0.0pt)
* modes: 
* h-part:(L,W,R)=(34.1433pt, 546.0084pt, 34.1433pt)
* v-part:(T,H,B)=(72.26999pt, 614.295pt, 108.405pt)
* \paperwidth=614.295pt
* \paperheight=794.96999pt
* \textwidth=546.0084pt
* \textheight=614.295pt
* \oddsidemargin=-38.1267pt
* \evensidemargin=-38.1267pt
* \topmargin=-37.0pt
* \headheight=12.0pt
* \headsep=25.0pt
* \topskip=11.0pt
* \footskip=30.0pt
* \marginparwidth=59.0pt
* \marginparsep=10.0pt
* \columnsep=10.0pt
* \skip\footins=10.0pt plus 4.0pt minus 2.0pt
* \hoffset=0.0pt
* \voffset=0.0pt
* \mag=1000
* \@twocolumnfalse
* \@twosidefalse
* \@mparswitchfalse
* \@reversemarginfalse
* (1in=72.27pt=25.4mm, 1cm=28.453pt)

(/usr/share/texlive/texmf-dist/tex/context/base/mkii/supp-pdf.mkii
[Loading MPS to PDF converter (version 2006.09.02).]
\scratchcounter=\count110
\scratchdimen=\dimen138
\scratchbox=\box31
\nofMPsegments=\count111
\nofMParguments=\count112
\everyMPshowfont=\toks23
\MPscratchCnt=\count113
\MPscratchDim=\dimen139
\MPnumerator=\count114
\makeMPintoPDFobject=\count115
\everyMPtoPDFconversion=\toks24
) (/usr/share/texlive/texmf-dist/tex/latex/oberdiek/epstopdf-base.sty
Package: epstopdf-base 2016/05/15 v2.6 Base part for package epstopdf

(/usr/share/texlive/texmf-dist/tex/latex/oberdiek/grfext.sty
Package: grfext 2016/05/16 v1.2 Manage graphics extensions (HO)

(/usr/share/texlive/texmf-dist/tex/generic/oberdiek/kvdefinekeys.sty
Package: kvdefinekeys 2016/05/16 v1.4 Define keys (HO)
))
Package epstopdf-base Info: Redefining graphics rule for `.eps' on input line 4
38.
Package grfext Info: Graphics extension search list:
(grfext)             [.pdf,.png,.jpg,.mps,.jpeg,.jbig2,.jb2,.PDF,.PNG,.JPG,.JPE
G,.JBIG2,.JB2,.eps]
(grfext)             \AppendGraphicsExtensions on input line 456.

(/usr/share/texlive/texmf-dist/tex/latex/latexconfig/epstopdf-sys.cfg
File: epstopdf-sys.cfg 2010/07/13 v1.3 Configuration of (r)epstopdf for TeX Liv
e
))
Package caption Info: Begin \AtBeginDocument code.
Package caption Info: End \AtBeginDocument code.

[1

{/var/lib/texmf/fonts/map/pdftex/updmap/pdftex.map}] [2] [3] [4] [5] [6]
Overfull \hbox (20.1888pt too wide) in paragraph at lines 158--173
[]  
 []

</home/piotr/Documents/scientific-computing/list05/plots/stand_time_size.png, i
d=35, 602.25pt x 401.5pt>
File: /home/piotr/Documents/scientific-computing/list05/plots/stand_time_size.p
ng Graphic file (type png)
<use /home/piotr/Documents/scientific-computing/list05/plots/stand_time_size.pn
g>
Package pdftex.def Info: /home/piotr/Documents/scientific-computing/list05/plot
s/stand_time_size.png  used on input line 178.
(pdftex.def)             Requested size: 196.56242pt x 131.04344pt.
</home/piotr/Documents/scientific-computing/list05/plots/all_comparisions_size.
png, id=36, 602.25pt x 401.5pt>
File: /home/piotr/Documents/scientific-computing/list05/plots/all_comparisions_
size.png Graphic file (type png)
<use /home/piotr/Documents/scientific-computing/list05/plots/all_comparisions_s
ize.png>
Package pdftex.def Info: /home/piotr/Documents/scientific-computing/list05/plot
s/all_comparisions_size.png  used on input line 183.
(pdftex.def)             Requested size: 196.56242pt x 131.04344pt.
</home/piotr/Documents/scientific-computing/list05/plots/gauss_memory_size.png,
 id=37, 602.25pt x 401.5pt>
File: /home/piotr/Documents/scientific-computing/list05/plots/gauss_memory_size
.png Graphic file (type png)
<use /home/piotr/Documents/scientific-computing/list05/plots/gauss_memory_size.
png>
Package pdftex.def Info: /home/piotr/Documents/scientific-computing/list05/plot
s/gauss_memory_size.png  used on input line 188.
(pdftex.def)             Requested size: 196.56242pt x 131.04344pt.
</home/piotr/Documents/scientific-computing/list05/plots/gauss_time_size.png, i
d=38, 602.25pt x 401.5pt>
File: /home/piotr/Documents/scientific-computing/list05/plots/gauss_time_size.p
ng Graphic file (type png)
<use /home/piotr/Documents/scientific-computing/list05/plots/gauss_time_size.pn
g>
Package pdftex.def Info: /home/piotr/Documents/scientific-computing/list05/plot
s/gauss_time_size.png  used on input line 193.
(pdftex.def)             Requested size: 196.56242pt x 131.04344pt.
</home/piotr/Documents/scientific-computing/list05/plots/LU_memory_size.png, id
=39, 602.25pt x 401.5pt>
File: /home/piotr/Documents/scientific-computing/list05/plots/LU_memory_size.pn
g Graphic file (type png)
<use /home/piotr/Documents/scientific-computing/list05/plots/LU_memory_size.png
>
Package pdftex.def Info: /home/piotr/Documents/scientific-computing/list05/plot
s/LU_memory_size.png  used on input line 198.
(pdftex.def)             Requested size: 196.56242pt x 131.04344pt.
</home/piotr/Documents/scientific-computing/list05/plots/LU_time_size.png, id=4
0, 602.25pt x 401.5pt>
File: /home/piotr/Documents/scientific-computing/list05/plots/LU_time_size.png 
Graphic file (type png)
<use /home/piotr/Documents/scientific-computing/list05/plots/LU_time_size.png>
Package pdftex.def Info: /home/piotr/Documents/scientific-computing/list05/plot
s/LU_time_size.png  used on input line 203.
(pdftex.def)             Requested size: 196.56242pt x 131.04344pt.

Underfull \hbox (badness 10000) in paragraph at lines 176--206
[][] []
 []

</home/piotr/Documents/scientific-computing/list05/plots/GAUSSxLU_memory_size.p
ng, id=41, 602.25pt x 401.5pt>
File: /home/piotr/Documents/scientific-computing/list05/plots/GAUSSxLU_memory_s
ize.png Graphic file (type png)
<use /home/piotr/Documents/scientific-computing/list05/plots/GAUSSxLU_memory_si
ze.png>
Package pdftex.def Info: /home/piotr/Documents/scientific-computing/list05/plot
s/GAUSSxLU_memory_size.png  used on input line 210.
(pdftex.def)             Requested size: 196.56242pt x 131.04344pt.
</home/piotr/Documents/scientific-computing/list05/plots/GAUSSxLU_time_size.png
, id=42, 602.25pt x 401.5pt>
File: /home/piotr/Documents/scientific-computing/list05/plots/GAUSSxLU_time_siz
e.png Graphic file (type png)
<use /home/piotr/Documents/scientific-computing/list05/plots/GAUSSxLU_time_size
.png>
Package pdftex.def Info: /home/piotr/Documents/scientific-computing/list05/plot
s/GAUSSxLU_time_size.png  used on input line 215.
(pdftex.def)             Requested size: 196.56242pt x 131.04344pt.
[7]
</home/piotr/Documents/scientific-computing/list05/plots/GAUSSxLUpivoted_memory
_size.png, id=47, 602.25pt x 401.5pt>
File: /home/piotr/Documents/scientific-computing/list05/plots/GAUSSxLUpivoted_m
emory_size.png Graphic file (type png)
<use /home/piotr/Documents/scientific-computing/list05/plots/GAUSSxLUpivoted_me
mory_size.png>
Package pdftex.def Info: /home/piotr/Documents/scientific-computing/list05/plot
s/GAUSSxLUpivoted_memory_size.png  used on input line 222.
(pdftex.def)             Requested size: 196.56242pt x 131.04344pt.
</home/piotr/Documents/scientific-computing/list05/plots/GAUSSxLUpivoted_time_s
ize.png, id=48, 602.25pt x 401.5pt>
File: /home/piotr/Documents/scientific-computing/list05/plots/GAUSSxLUpivoted_t
ime_size.png Graphic file (type png)
<use /home/piotr/Documents/scientific-computing/list05/plots/GAUSSxLUpivoted_ti
me_size.png>
Package pdftex.def Info: /home/piotr/Documents/scientific-computing/list05/plot
s/GAUSSxLUpivoted_time_size.png  used on input line 227.
(pdftex.def)             Requested size: 196.56242pt x 131.04344pt.

Underfull \hbox (badness 1052) in paragraph at lines 228--228
[]\T1/cmr/m/n/10.95 Figure 10: |Porów-nanie zªo»ono±ci cza-sowej dla
 []

</home/piotr/Documents/scientific-computing/list05/plots/all_memory_size.png, i
d=49, 602.25pt x 401.5pt>
File: /home/piotr/Documents/scientific-computing/list05/plots/all_memory_size.p
ng Graphic file (type png)
<use /home/piotr/Documents/scientific-computing/list05/plots/all_memory_size.pn
g>
Package pdftex.def Info: /home/piotr/Documents/scientific-computing/list05/plot
s/all_memory_size.png  used on input line 233.
(pdftex.def)             Requested size: 196.56242pt x 131.04344pt.
[8 </home/piotr/Documents/scientific-computing/list05/plots/stand_time_size.png
> </home/piotr/Documents/scientific-computing/list05/plots/all_comparisions_siz
e.png> </home/piotr/Documents/scientific-computing/list05/plots/gauss_memory_si
ze.png> </home/piotr/Documents/scientific-computing/list05/plots/gauss_time_siz
e.png> </home/piotr/Documents/scientific-computing/list05/plots/LU_memory_size.
png> </home/piotr/Documents/scientific-computing/list05/plots/LU_time_size.png>
] [9 </home/piotr/Documents/scientific-computing/list05/plots/GAUSSxLU_memory_s
ize.png> </home/piotr/Documents/scientific-computing/list05/plots/GAUSSxLU_time
_size.png> </home/piotr/Documents/scientific-computing/list05/plots/GAUSSxLUpiv
oted_memory_size.png> </home/piotr/Documents/scientific-computing/list05/plots/
GAUSSxLUpivoted_time_size.png> </home/piotr/Documents/scientific-computing/list
05/plots/all_memory_size.png>] [10] (./raport_l05.aux) ) 
Here is how much of TeX's memory you used:
 4590 strings out of 494443
 72094 string characters out of 6174711
 150169 words of memory out of 5000000
 8211 multiletter control sequences out of 15000+600000
 14419 words of font info for 38 fonts, out of 8000000 for 9000
 81 hyphenation exceptions out of 8191
 36i,9n,39p,1143b,423s stack positions out of 5000i,500n,10000p,200000b,80000s
 </home/piotr/.texlive2
018/texmf-var/fonts/pk/ljfour/jknappen/ec/ecsl1095.600pk> </home/piotr/.texlive
2018/texmf-var/fonts/pk/ljfour/jknappen/ec/ecbx1095.600pk> </home/piotr/.texliv
e2018/texmf-var/fonts/pk/ljfour/jknappen/ec/ecrm1095.600pk> </home/piotr/.texli
ve2018/texmf-var/fonts/pk/ljfour/jknappen/ec/ecbx1200.600pk> </home/piotr/.texl
ive2018/texmf-var/fonts/pk/ljfour/jknappen/ec/ecbx1440.600pk> </home/piotr/.tex
live2018/texmf-var/fonts/pk/ljfour/jknappen/ec/ecrm1200.600pk> </home/piotr/.te
xlive2018/texmf-var/fonts/pk/ljfour/jknappen/ec/ecrm1728.600pk></usr/share/texl
ive/texmf-dist/fonts/type1/public/amsfonts/cm/cmex10.pfb></usr/share/texlive/te
xmf-dist/fonts/type1/public/amsfonts/cm/cmmi10.pfb></usr/share/texlive/texmf-di
st/fonts/type1/public/amsfonts/cm/cmmi8.pfb></usr/share/texlive/texmf-dist/font
s/type1/public/amsfonts/cm/cmr10.pfb></usr/share/texlive/texmf-dist/fonts/type1
/public/amsfonts/cm/cmr8.pfb></usr/share/texlive/texmf-dist/fonts/type1/public/
amsfonts/cm/cmsy10.pfb></usr/share/texlive/texmf-dist/fonts/type1/public/amsfon
ts/cm/cmsy8.pfb>
Output written on raport_l05.pdf (10 pages, 338633 bytes).
PDF statistics:
 381 PDF objects out of 1000 (max. 8388607)
 73 compressed objects within 1 object stream
 0 named destinations out of 1000 (max. 500000)
 56 words of extra memory for PDF output out of 10000 (max. 10000000)

